<?xml version="1.0" encoding="UTF-8"?>
<!-- Generated by org.testng.reporters.JUnitReportReporter -->
<testsuite hostname="LAPTOP-O4ADJSBK" failures="0" tests="2" name="com.testautomation.org.Amazon.AmazonProductSearchTest" time="11.533" errors="0" timestamp="2023-10-10T15:53:51 IST" skipped="0">
  <testcase classname="com.testautomation.org.Amazon.AmazonProductSearchTest" name="searchProductOnAmazon1" time="5.378"/>
  <system-out/>
  <testcase classname="com.testautomation.org.Amazon.AmazonProductSearchTest" name="searchProductOnAmazon2" time="6.155"/>
  <system-out/>
</testsuite> <!-- com.testautomation.org.Amazon.AmazonProductSearchTest -->
